 BELLHOP/BELLHOP3D

 BELLHOP- Channel LUT                                                            
 frequency =  0.2400E+05 Hz

 Dummy parameter NMedia =            1

     Spline approximation to SSP
     Attenuation units: dB/mkHz
     THORP volume attenuation added
     Altimetry file selected
     VACUUM

 Depth =    2000.00 m

 Sound speed profile:
   z (m)     alphaR (m/s)   betaR  rho (g/cm^3)  alphaI     betaI

      0.00      1502.37      0.00     1.00       0.0000    0.0000
     40.82      1498.62      0.00     1.00       0.0000    0.0000
     81.63      1493.20      0.00     1.00       0.0000    0.0000
    122.45      1492.35      0.00     1.00       0.0000    0.0000
    163.27      1492.48      0.00     1.00       0.0000    0.0000
    204.08      1492.79      0.00     1.00       0.0000    0.0000
    244.90      1493.26      0.00     1.00       0.0000    0.0000
    285.71      1493.66      0.00     1.00       0.0000    0.0000
    326.53      1494.08      0.00     1.00       0.0000    0.0000
    367.35      1494.54      0.00     1.00       0.0000    0.0000
    408.16      1494.99      0.00     1.00       0.0000    0.0000
    448.98      1495.43      0.00     1.00       0.0000    0.0000
    489.80      1495.88      0.00     1.00       0.0000    0.0000
    530.61      1496.25      0.00     1.00       0.0000    0.0000
    571.43      1496.60      0.00     1.00       0.0000    0.0000
    612.24      1496.95      0.00     1.00       0.0000    0.0000
    653.06      1497.30      0.00     1.00       0.0000    0.0000
    693.88      1497.64      0.00     1.00       0.0000    0.0000
    734.69      1497.86      0.00     1.00       0.0000    0.0000
    775.51      1498.06      0.00     1.00       0.0000    0.0000
    816.33      1498.15      0.00     1.00       0.0000    0.0000
    857.14      1498.08      0.00     1.00       0.0000    0.0000
    897.96      1498.00      0.00     1.00       0.0000    0.0000
    938.78      1497.72      0.00     1.00       0.0000    0.0000
    979.59      1497.43      0.00     1.00       0.0000    0.0000
   1020.41      1497.03      0.00     1.00       0.0000    0.0000
   1061.22      1496.53      0.00     1.00       0.0000    0.0000
   1102.04      1496.03      0.00     1.00       0.0000    0.0000
   1142.86      1495.53      0.00     1.00       0.0000    0.0000
   1183.67      1495.04      0.00     1.00       0.0000    0.0000
   1224.49      1494.66      0.00     1.00       0.0000    0.0000
   1265.31      1494.35      0.00     1.00       0.0000    0.0000
   1306.12      1494.06      0.00     1.00       0.0000    0.0000
   1346.94      1493.85      0.00     1.00       0.0000    0.0000
   1387.76      1493.64      0.00     1.00       0.0000    0.0000
   1428.57      1493.51      0.00     1.00       0.0000    0.0000
   1469.39      1493.41      0.00     1.00       0.0000    0.0000
   1510.20      1493.38      0.00     1.00       0.0000    0.0000
   1551.02      1493.60      0.00     1.00       0.0000    0.0000
   1591.84      1493.82      0.00     1.00       0.0000    0.0000
   1632.65      1494.04      0.00     1.00       0.0000    0.0000
   1673.47      1494.26      0.00     1.00       0.0000    0.0000
   1714.29      1494.48      0.00     1.00       0.0000    0.0000
   1755.10      1494.73      0.00     1.00       0.0000    0.0000
   1795.92      1495.23      0.00     1.00       0.0000    0.0000
   1836.73      1495.72      0.00     1.00       0.0000    0.0000
   1877.55      1496.22      0.00     1.00       0.0000    0.0000
   1918.37      1496.71      0.00     1.00       0.0000    0.0000
   1959.18      1497.21      0.00     1.00       0.0000    0.0000
   2000.00      1497.70      0.00     1.00       0.0000    0.0000

                                 ( RMS roughness =   0.00     )
     Bathymetry file selected
     ACOUSTO-ELASTIC half-space
   2000.00      1650.00      0.00     1.00       0.0000    0.0000

 __________________________________________________________________________

 Number of Source   depths, Sz =            1
 Source   depths, Sz (m)
   63.7600    


 __________________________________________________________________________

 Number of Receiver depths, Rz =            2
 Receiver depths, Rz (m)
   192.795       439.909    


 __________________________________________________________________________

 Number of Receiver ranges, Rr =            2
 Receiver ranges, Rr (km)
   2.62334       3.52467    


 Arrivals calculation, ASCII  file output
 Geometric gaussian beams in Cartesian coordinates
 Point source (cylindrical coordinates)
 Irregular grid: Receivers at Rr( : ) x Rz( : )
 __________________________________________________________________________

 Number of beams in elevation   =        10001
 Beam take-off angles (degrees)
  -90.0000      -89.9820      -89.9640      -89.9460      -89.9280    
  -89.9100      -89.8920      -89.8740      -89.8560      -89.8380    
          ... 
   90.0000    

 __________________________________________________________________________


 Step length,       deltas =   0.000     m

 Maximum ray depth, Box%z  =   2000.     m
 Maximum ray range, Box%r  =   3.560    km
 No beam shift in effect

 __________________________________________________________________________

 Using top-altimetry file
 Piecewise linear interpolation
 Number of altimetry points =          354

  Range (km)  Depth (m)
   0.00       1.69    
  0.100E-01   1.87    
  0.200E-01   1.70    
  0.300E-01  0.812    
  0.400E-01  0.595    
  0.500E-01   1.32    
  0.600E-01   1.02    
  0.700E-01  0.643    
  0.800E-01   1.18    
  0.900E-01   2.43    
  0.100       1.59    
  0.110       1.17    
  0.120       1.21    
  0.130      0.914    
  0.140       1.63    
  0.150       1.25    
  0.160       1.39    
  0.170       1.19    
  0.180      0.699    
 __________________________________________________________________________

 Using bottom-bathymetry file
 Piecewise linear interpolation
 Number of bathymetry points =          285

 Short format (bathymetry only)
  Range (km)  Depth (m)
   0.00      0.200E+04
  0.125E-01  0.200E+04
  0.250E-01  0.200E+04
  0.375E-01  0.200E+04
  0.500E-01  0.200E+04
  0.625E-01  0.200E+04
  0.750E-01  0.200E+04
  0.875E-01  0.200E+04
  0.100      0.200E+04
  0.113      0.200E+04
  0.125      0.200E+04
  0.138      0.200E+04
  0.150      0.200E+04
  0.163      0.200E+04
  0.175      0.200E+04
  0.188      0.200E+04
  0.200      0.200E+04
  0.212      0.200E+04
  0.225      0.200E+04

 Step length,       deltas =   200.0     m (automatically selected)

 ( Maximum # of arrivals =     10000000 )

Tracing beam       1    -90.00

 Geometric Gaussian beams                
 halfwidth  =    63.122957860035889     
 epsilonOpt =  (  0.0000000000000000     ,  300424811.06220412     )
 EpsMult    =    1.0000000000000000     

Tracing beam     201    -86.40
Tracing beam     401    -82.80
Tracing beam     601    -79.20
Tracing beam     801    -75.60
Tracing beam    1001    -72.00
Tracing beam    1201    -68.40
Tracing beam    1401    -64.80
Tracing beam    1601    -61.20
Tracing beam    1801    -57.60
Tracing beam    2001    -54.00
Tracing beam    2201    -50.40
Tracing beam    2401    -46.80
Tracing beam    2601    -43.20
Tracing beam    2801    -39.60
Tracing beam    3001    -36.00
Tracing beam    3201    -32.40
Tracing beam    3401    -28.80
Tracing beam    3601    -25.20
Tracing beam    3801    -21.60
